<?xml version="1.0" encoding="UTF-8"?>
<testsuite xmlns:xsi="http://www.w3.org/2001/XMLSchema-instance" xsi:noNamespaceSchemaLocation="https://maven.apache.org/surefire/maven-surefire-plugin/xsd/surefire-test-report-3.0.xsd" version="3.0" name="kineo.LmsProject.AppTest" time="10.857" tests="1" errors="0" skipped="0" failures="0">
  <properties>
[...]
</properties>
  <testcase name="fun1" classname="kineo.LmsProject.AppTest" time="9.98">
    <system-out><![CDATA[1
]]></system-out>
    <system-err><![CDATA[1609314454811	geckodriver	INFO	Listening on 127.0.0.1:20882
1609314455083	mozrunner::runner	INFO	Running command: "/Applications/Firefox.app/Contents/MacOS/firefox-bin" "--marionette" "-foreground" "-no-remote" "-profile" "/var/folders/zp/s3k196fj59166fh39w_z2r8m0000gn/T/rust_mozprofile4MCXH6"
console.warn: SearchSettings: "get: No settings file exists, new profile?" (new Error("", "(unknown module)"))
1609314459394	Marionette	INFO	Listening on port 49532
1609314459484	Marionette	WARN	TLS certificate errors will be ignored for this session
Dec 30, 2020 1:17:39 PM org.openqa.selenium.remote.ProtocolHandshake createSession
INFO: Detected dialect: W3C
]]></system-err>
  </testcase>
</testsuite>